<?xml version="1.0" encoding="UTF-8"?>
<!-- Generated by org.testng.reporters.JUnitReportReporter -->
<testsuite hostname="HLW-HGNC4M3" failures="0" tests="5" name="com.sts.testautomation.CreateMotorNewQuote" time="100.897" errors="0" timestamp="2024-12-03T16:13:50 SAST" skipped="3">
  <testcase classname="com.sts.testautomation.CreateMotorNewQuote" name="Login" time="1.582"/>
  <system-out/>
  <testcase classname="com.sts.testautomation.CreateMotorNewQuote" name="rateExistingClient" time="99.315"/>
  <system-out/>
  <testcase classname="com.sts.testautomation.CreateMotorNewQuote" name="EditClientQuote">
    <skipped/>
  </testcase> <!-- EditClientQuote -->
  <system-out/>
  <testcase classname="com.sts.testautomation.CreateMotorNewQuote" name="addNewClient">
    <skipped/>
  </testcase> <!-- addNewClient -->
  <system-out/>
  <testcase classname="com.sts.testautomation.CreateMotorNewQuote" name="EditClientBodyQuote">
    <skipped/>
  </testcase> <!-- EditClientBodyQuote -->
  <system-out/>
</testsuite> <!-- com.sts.testautomation.CreateMotorNewQuote -->
