<?xml version="1.0" encoding="UTF-8"?>
<!-- Generated by org.testng.reporters.JUnitReportReporter -->
<testsuite hostname="HLW-HGNC4M3" failures="0" tests="3" name="com.sts.testautomation.CreateCyberNewQuote" time="163.322" errors="0" timestamp="2024-08-20T12:11:47 SAST" skipped="1">
  <testcase classname="com.sts.testautomation.CreateCyberNewQuote" name="Login" time="2.200"/>
  <system-out/>
  <testcase classname="com.sts.testautomation.CreateCyberNewQuote" name="addNewClient" time="161.122"/>
  <system-out/>
  <testcase classname="com.sts.testautomation.CreateCyberNewQuote" name="existingClient">
    <skipped/>
  </testcase> <!-- existingClient -->
  <system-out/>
</testsuite> <!-- com.sts.testautomation.CreateCyberNewQuote -->
