<?xml version="1.0" encoding="UTF-8"?>
<!-- Generated by org.testng.reporters.JUnitReportReporter -->
<testsuite hostname="HLW-HGNC4M3" failures="0" tests="3" name="com.sts.testautomation.CreateContentsNewQuote" time="63.995" errors="0" timestamp="2024-11-13T15:30:57 SAST" skipped="1">
  <testcase classname="com.sts.testautomation.CreateContentsNewQuote" name="Login" time="4.209"/>
  <system-out/>
  <testcase classname="com.sts.testautomation.CreateContentsNewQuote" name="rateExistingClient" time="59.786"/>
  <system-out/>
  <testcase classname="com.sts.testautomation.CreateContentsNewQuote" name="addNewClient">
    <skipped/>
  </testcase> <!-- addNewClient -->
  <system-out/>
</testsuite> <!-- com.sts.testautomation.CreateContentsNewQuote -->
