<?xml version="1.0" encoding="UTF-8"?>
<!-- Generated by org.testng.reporters.JUnitReportReporter -->
<testsuite hostname="HLW-HGNC4M3" failures="0" tests="3" name="com.sts.testautomation.CreateMotorNewQuoteParallel" time="240.247" errors="0" timestamp="2024-11-07T11:32:27 SAST" skipped="1">
  <testcase classname="com.sts.testautomation.CreateMotorNewQuoteParallel" name="Login" time="3.306"/>
  <system-out/>
  <testcase classname="com.sts.testautomation.CreateMotorNewQuoteParallel" name="rateExistingClient" time="236.941"/>
  <system-out/>
  <testcase classname="com.sts.testautomation.CreateMotorNewQuoteParallel" name="addNewClient">
    <skipped/>
  </testcase> <!-- addNewClient -->
  <system-out/>
</testsuite> <!-- com.sts.testautomation.CreateMotorNewQuoteParallel -->
