<?xml version="1.0" encoding="UTF-8"?>
<!-- Generated by org.testng.reporters.JUnitReportReporter -->
<testsuite hostname="HLW-HGNC4M3" failures="0" tests="2" name="com.sts.testautomation.CreateNewQuoteCarsRegression2" time="618.797" errors="0" timestamp="2024-05-30T14:11:36 SAST" skipped="0">
  <testcase classname="com.sts.testautomation.CreateNewQuoteCarsRegression2" name="Login" time="11.531"/>
  <system-out/>
  <testcase classname="com.sts.testautomation.CreateNewQuoteCarsRegression2" name="ClickOnQuotesPoliciesAndClaims" time="607.266"/>
  <system-out/>
</testsuite> <!-- com.sts.testautomation.CreateNewQuoteCarsRegression2 -->
