<?xml version="1.0" encoding="UTF-8"?>
<!-- Generated by org.testng.reporters.JUnitReportReporter -->
<testsuite hostname="HLW-HGNC4M3" failures="0" tests="2" name="com.sts.testautomation.CreatePersonalLiabilityNewQuote" time="126.239" errors="0" timestamp="2024-10-17T10:02:35 SAST" skipped="0">
  <testcase classname="com.sts.testautomation.CreatePersonalLiabilityNewQuote" name="Login" time="1.683"/>
  <system-out/>
  <testcase classname="com.sts.testautomation.CreatePersonalLiabilityNewQuote" name="addNewClient" time="124.556"/>
  <system-out/>
</testsuite> <!-- com.sts.testautomation.CreatePersonalLiabilityNewQuote -->
