<?xml version="1.0" encoding="UTF-8"?>
<!-- Generated by org.testng.reporters.JUnitReportReporter -->
<testsuite hostname="HLW-BZD5GB3" failures="0" tests="2" name="com.sts.testautomation.CreateNewQuoteCarsRegressionMultipleCars" time="321.929" errors="0" timestamp="2024-05-06T12:59:01 SAST" skipped="0">
  <testcase classname="com.sts.testautomation.CreateNewQuoteCarsRegressionMultipleCars" name="Login" time="10.680"/>
  <system-out/>
  <testcase classname="com.sts.testautomation.CreateNewQuoteCarsRegressionMultipleCars" name="ClickOnQuotesPoliciesAndClaims" time="311.249"/>
  <system-out/>
</testsuite> <!-- com.sts.testautomation.CreateNewQuoteCarsRegressionMultipleCars -->
