<?xml version="1.0" encoding="UTF-8"?>
<!-- Generated by org.testng.reporters.JUnitReportReporter -->
<testsuite hostname="HLW-HGNC4M3" failures="0" tests="2" name="com.sts.testautomation.CreateNewQuoteCarsRegression" time="91.074" errors="0" timestamp="2024-06-21T10:06:06 SAST" skipped="1">
  <testcase classname="com.sts.testautomation.CreateNewQuoteCarsRegression" name="Login" time="91.074"/>
  <system-out/>
  <testcase classname="com.sts.testautomation.CreateNewQuoteCarsRegression" name="ClickOnQuotesPoliciesAndClaims">
    <skipped/>
  </testcase> <!-- ClickOnQuotesPoliciesAndClaims -->
  <system-out/>
</testsuite> <!-- com.sts.testautomation.CreateNewQuoteCarsRegression -->
