<?xml version="1.0" encoding="UTF-8"?>
<!-- Generated by org.testng.reporters.JUnitReportReporter -->
<testsuite hostname="HLW-HGNC4M3" failures="0" tests="3" name="com.sts.testautomation.CreateBuildingsNewQuote" time="187.332" errors="0" timestamp="2024-10-28T11:22:51 SAST" skipped="1">
  <testcase classname="com.sts.testautomation.CreateBuildingsNewQuote" name="Login" time="1.640"/>
  <system-out/>
  <testcase classname="com.sts.testautomation.CreateBuildingsNewQuote" name="rateExistingClient" time="185.692"/>
  <system-out/>
  <testcase classname="com.sts.testautomation.CreateBuildingsNewQuote" name="addNewClient">
    <skipped/>
  </testcase> <!-- addNewClient -->
  <system-out/>
</testsuite> <!-- com.sts.testautomation.CreateBuildingsNewQuote -->
