<?xml version="1.0" encoding="UTF-8"?>
<!-- Generated by org.testng.reporters.JUnitReportReporter -->
<testsuite hostname="HLW-HGNC4M3" failures="0" tests="3" name="com.sts.testautomation.CreateAllRiskNewQuote" time="65.643" errors="0" timestamp="2024-11-14T16:27:32 SAST" skipped="1">
  <testcase classname="com.sts.testautomation.CreateAllRiskNewQuote" name="Login" time="1.288"/>
  <system-out/>
  <testcase classname="com.sts.testautomation.CreateAllRiskNewQuote" name="rateExistingClient" time="64.355"/>
  <system-out/>
  <testcase classname="com.sts.testautomation.CreateAllRiskNewQuote" name="addNewClient">
    <skipped/>
  </testcase> <!-- addNewClient -->
  <system-out/>
</testsuite> <!-- com.sts.testautomation.CreateAllRiskNewQuote -->
