<?xml version="1.0" encoding="UTF-8"?>
<!-- Generated by org.testng.reporters.JUnitReportReporter -->
<testsuite hostname="HLW-HGNC4M3" failures="0" tests="2" name="com.sts.testautomation.CreatePersonalComputerNewQuote" time="130.186" errors="0" timestamp="2024-09-26T09:28:01 SAST" skipped="0">
  <testcase classname="com.sts.testautomation.CreatePersonalComputerNewQuote" name="Login" time="1.501"/>
  <system-out/>
  <testcase classname="com.sts.testautomation.CreatePersonalComputerNewQuote" name="addNewClient" time="128.685"/>
  <system-out/>
</testsuite> <!-- com.sts.testautomation.CreatePersonalComputerNewQuote -->
