<?xml version="1.0" encoding="UTF-8"?>
<!-- Generated by org.testng.reporters.JUnitReportReporter -->
<testsuite hostname="HLW-BZD5GB3" failures="0" tests="2" name="com.sts.testautomation.CreateNewQuoteCarsRegression3" time="1046.274" errors="0" timestamp="2024-05-08T10:48:21 SAST" skipped="0">
  <testcase classname="com.sts.testautomation.CreateNewQuoteCarsRegression3" name="Login" time="11.332"/>
  <system-out/>
  <testcase classname="com.sts.testautomation.CreateNewQuoteCarsRegression3" name="ClickOnQuotesPoliciesAndClaims" time="1034.942"/>
  <system-out/>
</testsuite> <!-- com.sts.testautomation.CreateNewQuoteCarsRegression3 -->
