<?xml version="1.0" encoding="UTF-8"?>
<!-- Generated by org.testng.reporters.JUnitReportReporter -->
<testsuite hostname="HLW-HGNC4M3" failures="0" tests="3" name="com.sts.testautomation.CreateContentsNewQuoteParallel" time="67.732" errors="0" timestamp="2024-11-13T15:30:57 SAST" skipped="1">
  <testcase classname="com.sts.testautomation.CreateContentsNewQuoteParallel" name="Login" time="4.379"/>
  <system-out/>
  <testcase classname="com.sts.testautomation.CreateContentsNewQuoteParallel" name="rateExistingClient" time="63.353"/>
  <system-out/>
  <testcase classname="com.sts.testautomation.CreateContentsNewQuoteParallel" name="addNewClient">
    <skipped/>
  </testcase> <!-- addNewClient -->
  <system-out/>
</testsuite> <!-- com.sts.testautomation.CreateContentsNewQuoteParallel -->
