<?xml version="1.0" encoding="UTF-8"?>
<!-- Generated by org.testng.reporters.JUnitReportReporter -->
<testsuite hostname="HSSHIALMVM15" failures="0" tests="2" name="com.sts.testautomation.steps.Cyber_Insurances" time="223.068" errors="0" timestamp="12 Aug 2025 06:55:39 GMT" skipped="0">
  <testcase classname="com.sts.testautomation.steps.Cyber_Insurances" name="Login" time="12.212"/>
  <testcase classname="com.sts.testautomation.steps.Cyber_Insurances" name="CreateClient" time="210.856"/>
</testsuite> <!-- com.sts.testautomation.steps.Cyber_Insurances -->
